<?xml version="1.0" encoding="UTF-8"?>
<!-- Generated by org.testng.reporters.JUnitXMLReporter -->
<testsuite ignored="0" hostname="NODLTP50024558" failures="1" tests="2" name="Home Page Test" time="20.02" errors="0" timestamp="09 Nov 2020 15:28:31 GMT">
  <testcase classname="com.tests.HomePageTest" name="isheaderDisplayed" time="0.12"/>
  <testcase classname="com.tests.HomePageTest" name="verifyTitle" time="0.011">
    <failure type="java.lang.AssertionError" message="expected [CRMPR] but found [CRMPRO]">
      <![CDATA[java.lang.AssertionError: expected [CRMPR] but found [CRMPRO]
at com.tests.HomePageTest.verifyTitle(HomePageTest.java:26)
at java.base/java.util.concurrent.FutureTask.run(FutureTask.java:264)
at java.base/java.util.concurrent.ThreadPoolExecutor.runWorker(ThreadPoolExecutor.java:1130)
at java.base/java.util.concurrent.ThreadPoolExecutor$Worker.run(ThreadPoolExecutor.java:630)
at java.base/java.lang.Thread.run(Thread.java:832)
... Removed 22 stack frames]]>
    </failure>
  </testcase> <!-- verifyTitle -->
</testsuite> <!-- Home Page Test -->
